<?xml version="1.0" encoding="UTF-8"?>
<!-- Generated by org.testng.reporters.JUnitXMLReporter -->
<testsuite hostname="Gamzes-Air.fios-router.home" ignored="2" name="TestNGGroupDemo test" tests="2" failures="0" timestamp="06 Jun 2019 22:46:18 GMT" time="0.071" errors="0">
  <testcase name="test2" time="0.021" classname="com.class03.TestNGGroupDemo"/>
  <testcase name="test3" time="0.003" classname="com.class03.TestNGGroupDemo"/>
  <testcase name="test1" time="0.0" classname="com.class03.TestNGGroupDemo">
    <ignored/>
  </testcase> <!-- test1 -->
  <testcase name="test4" time="0.0" classname="com.class03.TestNGGroupDemo">
    <ignored/>
  </testcase> <!-- test4 -->
</testsuite> <!-- TestNGGroupDemo test -->
