<?xml version="1.0" encoding="UTF-8"?>
<testng-results skipped="0" failed="0" ignored="0" total="2" passed="2">
  <reporter-output>
  </reporter-output>
  <suite name="Suite" duration-ms="14138" started-at="2019-06-13T00:03:05Z" finished-at="2019-06-13T00:03:19Z">
    <groups>
    </groups>
    <test name="ChromeTest" duration-ms="8882" started-at="2019-06-13T00:03:05Z" finished-at="2019-06-13T00:03:14Z">
      <class name="com.class05.DemoTest">
        <test-method status="PASS" signature="testCrossBrowser(java.lang.String)[pri:0, instance:com.class05.DemoTest@482f8f11]" name="testCrossBrowser" duration-ms="8776" started-at="2019-06-13T00:03:05Z" finished-at="2019-06-13T00:03:14Z">
          <params>
            <param index="0">
              <value>
                <![CDATA[chrome]]>
              </value>
            </param>
          </params>
          <reporter-output>
          </reporter-output>
        </test-method> <!-- testCrossBrowser -->
      </class> <!-- com.class05.DemoTest -->
    </test> <!-- ChromeTest -->
    <test name="FirefoxTest" duration-ms="14138" started-at="2019-06-13T00:03:05Z" finished-at="2019-06-13T00:03:19Z">
      <class name="com.class05.DemoTest">
        <test-method status="PASS" signature="testCrossBrowser(java.lang.String)[pri:0, instance:com.class05.DemoTest@47c62251]" name="testCrossBrowser" duration-ms="14051" started-at="2019-06-13T00:03:05Z" finished-at="2019-06-13T00:03:19Z">
          <params>
            <param index="0">
              <value>
                <![CDATA[firefox]]>
              </value>
            </param>
          </params>
          <reporter-output>
          </reporter-output>
        </test-method> <!-- testCrossBrowser -->
      </class> <!-- com.class05.DemoTest -->
    </test> <!-- FirefoxTest -->
  </suite> <!-- Suite -->
</testng-results>
